
==============================================================================
Final classifiers:
Baseline:
  UMS: 0.0
  Tuning grid: data.frame(mtry = 15, splitrule = 'gini', min.node.size = 1)
  Outliers dropped: F2max_Outlier,F1_55_Outlier,F3_45_Outlier,F1_80_Outlier,F3_40_Outlier
Fair:
  UMS: 4.2.1
  Tuning grid: data.frame(mtry = 15, splitrule = 'gini', min.node.size = 5)
  Outliers dropped: F1_55_Outlier,F3_80_Outlier,F3_75_Outlier,F2_45_Outlier,F2_80_Outlier,F1_25_Outlier
==============================================================================

--------------------------------------------------------------------------------
Unfairness mitigation strategy 0.0:
  Baseline auto-coder of Rpresent, with all data and predictors
--------------------------------------------------------------------------------
Data: 4756 tokens with 180 predictors
         Gender
Rpresent  Female Male  Sum
  Absent    1273 2152 3425
  Present    247 1084 1331
  Sum       1520 3236 4756
Running classifier...
Classifier finished running
Saving classifier as Final-Cls_UMS0.0.Rds

--------------------------------------------------------------------------------
Unfairness mitigation strategy 4.2.1:
  Combination of:
  - 2.2: Theoretical predictor selection, removing all F0 measures
  - 1.3.1: Downsample women's Absent to equalize Rpresent base rates by Gender
--------------------------------------------------------------------------------
Data: 3872 tokens with 176 predictors
         Gender
Rpresent  Female Male  Sum
  Absent     486 2092 2578
  Present    244 1050 1294
  Sum        730 3142 3872
Proportionally by Gender:
         Gender
Rpresent     Female      Male
  Absent  0.6657534 0.6658180
  Present 0.3342466 0.3341820
  Sum     1.0000000 1.0000000
Running classifier...
Classifier finished running
Saving classifier as Final-Cls_UMS4.2.1.Rds

--------------------------------------------------------------------------------
Session info
--------------------------------------------------------------------------------
R version 4.2.0 (2022-04-22)
Platform: x86_64-pc-linux-gnu (64-bit)
Running under: Red Hat Enterprise Linux

Matrix products: default
BLAS:   /usr/lib64/libblas.so.3.4.2
LAPACK: /usr/lib64/liblapack.so.3.4.2

locale:
 [1] LC_CTYPE=en_US.UTF-8       LC_NUMERIC=C              
 [3] LC_TIME=en_US.UTF-8        LC_COLLATE=en_US.UTF-8    
 [5] LC_MONETARY=en_US.UTF-8    LC_MESSAGES=en_US.UTF-8   
 [7] LC_PAPER=en_US.UTF-8       LC_NAME=C                 
 [9] LC_ADDRESS=C               LC_TELEPHONE=C            
[11] LC_MEASUREMENT=en_US.UTF-8 LC_IDENTIFICATION=C       

attached base packages:
[1] stats     graphics  grDevices utils     datasets  methods   base     

other attached packages:
[1] dplyr_1.0.10    caret_6.0-92    lattice_0.20-45 ggplot2_3.3.6  
[5] ROCR_1.0-11     tidyr_1.2.1     purrr_0.3.5     magrittr_2.0.3 
[9] optparse_1.7.3 

loaded via a namespace (and not attached):
 [1] tidyselect_1.2.0     reshape2_1.4.4       listenv_0.8.0       
 [4] splines_4.2.0        colorspace_2.0-3     vctrs_0.4.1         
 [7] generics_0.1.3       stats4_4.2.0         getopt_1.20.3       
[10] utf8_1.2.2           survival_3.3-1       prodlim_2019.11.13  
[13] rlang_1.0.6          ModelMetrics_1.2.2.2 pillar_1.8.1        
[16] glue_1.6.2           withr_2.5.0          DBI_1.1.3           
[19] foreach_1.5.2        lifecycle_1.0.1      plyr_1.8.8          
[22] lava_1.6.10          stringr_1.4.1        timeDate_3043.102   
[25] munsell_0.5.0        gtable_0.3.1         future_1.29.0       
[28] recipes_0.2.0        codetools_0.2-18     parallel_4.2.0      
[31] class_7.3-20         fansi_1.0.3          Rcpp_1.0.9          
[34] scales_1.2.1         ipred_0.9-12         parallelly_1.32.1   
[37] digest_0.6.30        stringi_1.7.8        grid_4.2.0          
[40] hardhat_0.2.0        cli_3.4.1            tools_4.2.0         
[43] tibble_3.1.8         future.apply_1.10.0  pkgconfig_2.0.3     
[46] MASS_7.3-57          Matrix_1.5-3         data.table_1.14.6   
[49] pROC_1.18.0          lubridate_1.8.0      gower_1.0.0         
[52] assertthat_0.2.1     iterators_1.0.14     R6_2.5.1            
[55] globals_0.16.2       rpart_4.1.16         nnet_7.3-17         
[58] nlme_3.1-157         compiler_4.2.0      
==============================================================================
                                JOB STATISTICS                                
==============================================================================

           JobId: 8559044
      SubmitTime: 2023-05-11T14:46:00
         EndTime: 2023-05-11T15:46:00
         RunTime: 00:02:05
            TRES: cpu=12,mem=48216M,node=1,billing=9
       Partition: smp
        NodeList: smp-n51
         Command: /ihome/dvillarreal/dav49/SLAC-Fairness/Shell-Scripts/Run-Final.sh

==============================================================================
 For more information use the command:
   - `sacct -M smp -j 8559044 -S 2023-05-11T14:46:00 -E 2023-05-11T15:46:00`

 To control the output of the above command:
   - Add `--format=<field1,field2,etc>` with fields of interest
   - See the list of all possible fields by running: `sacct --helpformat`
==============================================================================
