
==============================================================================
Unfairness mitigation strategies: round 1
Running 19 strategies
==============================================================================

--------------------------------------------------------------------------------
Unfairness mitigation strategy 0.1.1:
  Classifier of Gender
--------------------------------------------------------------------------------
Data: 5620 tokens with 180 predictors
         Gender
Rpresent  Female Male  Sum
  Absent    1504 2548 4052
  Present    284 1284 1568
  Sum       1788 3832 5620
Running classifier...
Classifier finished running
Saving classifier as Run-UMS_UMS0.1.1.Rds

--------------------------------------------------------------------------------
Unfairness mitigation strategy 0.1.2:
  Classifier of Gender, no pitch measures
--------------------------------------------------------------------------------
Data: 5620 tokens with 176 predictors
         Gender
Rpresent  Female Male  Sum
  Absent    1504 2548 4052
  Present    284 1284 1568
  Sum       1788 3832 5620
Running classifier...
Classifier finished running
Saving classifier as Run-UMS_UMS0.1.2.Rds

--------------------------------------------------------------------------------
Unfairness mitigation strategy 0.1.3:
  Classifier of Gender, only pitch measures
--------------------------------------------------------------------------------
Data: 5620 tokens with 4 predictors
         Gender
Rpresent  Female Male  Sum
  Absent    1504 2548 4052
  Present    284 1284 1568
  Sum       1788 3832 5620
Running classifier...
Classifier finished running
Saving classifier as Run-UMS_UMS0.1.3.Rds

--------------------------------------------------------------------------------
Unfairness mitigation strategy 0.2:
  Separate auto-coders of Rpresent by gender
--------------------------------------------------------------------------------
Data: 5620 tokens with 180 predictors
         Gender
Rpresent  Female Male  Sum
  Absent    1504 2548 4052
  Present    284 1284 1568
  Sum       1788 3832 5620
Running classifier...
Classifier finished running
Saving classifier as Run-UMS_UMS0.2.Rds

--------------------------------------------------------------------------------
Unfairness mitigation strategy 1.1:
  Downsample men to equalize token counts by Gender
--------------------------------------------------------------------------------
Data: 3576 tokens with 180 predictors
         Gender
Rpresent  Female Male  Sum
  Absent    1504 1190 2694
  Present    284  598  882
  Sum       1788 1788 3576
Running classifier...
Classifier finished running
Saving classifier as Run-UMS_UMS1.1.Rds

--------------------------------------------------------------------------------
Unfairness mitigation strategy 1.2:
  Downsample Absent to equalize token counts by Rpresent
--------------------------------------------------------------------------------
Data: 3136 tokens with 180 predictors
         Gender
Rpresent  Female Male  Sum
  Absent     617  951 1568
  Present    284 1284 1568
  Sum        901 2235 3136
Running classifier...
Classifier finished running
Saving classifier as Run-UMS_UMS1.2.Rds

--------------------------------------------------------------------------------
Unfairness mitigation strategy 1.3.1:
  Downsample women's Absent to equalize Rpresent base rates by Gender
--------------------------------------------------------------------------------
Data: 4679 tokens with 180 predictors
         Gender
Rpresent  Female Male  Sum
  Absent     563 2548 3111
  Present    284 1284 1568
  Sum        847 3832 4679
Proportionally by Gender:
         Gender
Rpresent     Female      Male
  Absent  0.6646989 0.6649269
  Present 0.3353011 0.3350731
  Sum     1.0000000 1.0000000
Running classifier...
Classifier finished running
Saving classifier as Run-UMS_UMS1.3.1.Rds

--------------------------------------------------------------------------------
Unfairness mitigation strategy 1.3.2:
  Downsample men's Present to equalize Rpresent base rates by Gender
--------------------------------------------------------------------------------
Data: 4817 tokens with 180 predictors
         Gender
Rpresent  Female Male  Sum
  Absent    1504 2548 4052
  Present    284  481  765
  Sum       1788 3029 4817
Proportionally by Gender:
         Gender
Rpresent     Female      Male
  Absent  0.8411633 0.8412017
  Present 0.1588367 0.1587983
  Sum     1.0000000 1.0000000
Running classifier...
Classifier finished running
Saving classifier as Run-UMS_UMS1.3.2.Rds

--------------------------------------------------------------------------------
Unfairness mitigation strategy 1.4:
  Downsample men's data to equalize (a) token counts by Gender and (b) Rpresent base rates by Gender
--------------------------------------------------------------------------------
Data: 3576 tokens with 180 predictors
         Gender
Rpresent  Female Male  Sum
  Absent    1504 1504 3008
  Present    284  284  568
  Sum       1788 1788 3576
Proportionally by Gender:
         Gender
Rpresent     Female      Male
  Absent  0.8411633 0.8411633
  Present 0.1588367 0.1588367
  Sum     1.0000000 1.0000000
Running classifier...
Classifier finished running
Saving classifier as Run-UMS_UMS1.4.Rds

--------------------------------------------------------------------------------
Unfairness mitigation strategy 1.5:
  Downsample Absent data to equalize (a) token counts by Rpresent and (b) Gender base rates by Rpresent
--------------------------------------------------------------------------------
Data: 3136 tokens with 180 predictors
         Gender
Rpresent  Female Male  Sum
  Absent     284 1284 1568
  Present    284 1284 1568
  Sum        568 2568 3136
Running classifier...
Classifier finished running
Saving classifier as Run-UMS_UMS1.5.Rds

--------------------------------------------------------------------------------
Unfairness mitigation strategy 1.6:
  Downsample Gender x Rpresent to equalize token counts by Gender x Rpresent
--------------------------------------------------------------------------------
Data: 1136 tokens with 180 predictors
         Gender
Rpresent  Female Male  Sum
  Absent     284  284  568
  Present    284  284  568
  Sum        568  568 1136
Running classifier...
Classifier finished running
Saving classifier as Run-UMS_UMS1.6.Rds

--------------------------------------------------------------------------------
Unfairness mitigation strategy 2.1.1:
  Empirical predictor selection, removing most influential predictors in classifier of Gender (cutoff: top 10%)
--------------------------------------------------------------------------------
Data: 5620 tokens with 162 predictors
         Gender
Rpresent  Female Male  Sum
  Absent    1504 2548 4052
  Present    284 1284 1568
  Sum       1788 3832 5620
Running classifier...
Classifier finished running
Saving classifier as Run-UMS_UMS2.1.1.Rds

--------------------------------------------------------------------------------
Unfairness mitigation strategy 2.1.2:
  Empirical predictor selection, removing most influential predictors in classifier of Gender (cutoff: top 20%)
--------------------------------------------------------------------------------
Data: 5620 tokens with 144 predictors
         Gender
Rpresent  Female Male  Sum
  Absent    1504 2548 4052
  Present    284 1284 1568
  Sum       1788 3832 5620
Running classifier...
Classifier finished running
Saving classifier as Run-UMS_UMS2.1.2.Rds

--------------------------------------------------------------------------------
Unfairness mitigation strategy 2.1.3:
  Empirical predictor selection, removing most influential predictors in classifier of Gender (cutoff: top 50%)
--------------------------------------------------------------------------------
Data: 5620 tokens with 90 predictors
         Gender
Rpresent  Female Male  Sum
  Absent    1504 2548 4052
  Present    284 1284 1568
  Sum       1788 3832 5620
Running classifier...
Classifier finished running
Saving classifier as Run-UMS_UMS2.1.3.Rds

--------------------------------------------------------------------------------
Unfairness mitigation strategy 2.1.4:
  Empirical predictor selection, without measures with differential importance in separate-Gender auto-coders of Rpresent (difference in rank places: at least p/2)
--------------------------------------------------------------------------------
Data: 5620 tokens with 167 predictors
         Gender
Rpresent  Female Male  Sum
  Absent    1504 2548 4052
  Present    284 1284 1568
  Sum       1788 3832 5620
Running classifier...
Classifier finished running
Saving classifier as Run-UMS_UMS2.1.4.Rds

--------------------------------------------------------------------------------
Unfairness mitigation strategy 2.1.5:
  Empirical predictor selection, without measures with differential importance in separate-Gender auto-coders of Rpresent (difference in rank places: at least p/3)
--------------------------------------------------------------------------------
Data: 5620 tokens with 140 predictors
         Gender
Rpresent  Female Male  Sum
  Absent    1504 2548 4052
  Present    284 1284 1568
  Sum       1788 3832 5620
Running classifier...
Classifier finished running
Saving classifier as Run-UMS_UMS2.1.5.Rds

--------------------------------------------------------------------------------
Unfairness mitigation strategy 2.2:
  Theoretical predictor selection, removing all F0 measures
--------------------------------------------------------------------------------
Data: 5620 tokens with 176 predictors
         Gender
Rpresent  Female Male  Sum
  Absent    1504 2548 4052
  Present    284 1284 1568
  Sum       1788 3832 5620
Running classifier...
Classifier finished running
Saving classifier as Run-UMS_UMS2.2.Rds

--------------------------------------------------------------------------------
Unfairness mitigation strategy 2.3:
  Empirical and theoretical predictor selection, removing only F0 measures that correlate with Gender
--------------------------------------------------------------------------------
Data: 5620 tokens with 178 predictors
         Gender
Rpresent  Female Male  Sum
  Absent    1504 2548 4052
  Present    284 1284 1568
  Sum       1788 3832 5620
Running classifier...
Classifier finished running
Saving classifier as Run-UMS_UMS2.3.Rds

--------------------------------------------------------------------------------
Unfairness mitigation strategy 3.1:
  Normalize F0 by speaker
--------------------------------------------------------------------------------
Data: 5620 tokens with 180 predictors
         Gender
Rpresent  Female Male  Sum
  Absent    1504 2548 4052
  Present    284 1284 1568
  Sum       1788 3832 5620
Running classifier...
Classifier finished running
Saving classifier as Run-UMS_UMS3.1.Rds

--------------------------------------------------------------------------------
Session info
--------------------------------------------------------------------------------
R version 4.2.0 (2022-04-22)
Platform: x86_64-pc-linux-gnu (64-bit)
Running under: Red Hat Enterprise Linux

Matrix products: default
BLAS:   /usr/lib64/libblas.so.3.4.2
LAPACK: /usr/lib64/liblapack.so.3.4.2

locale:
 [1] LC_CTYPE=en_US.UTF-8       LC_NUMERIC=C              
 [3] LC_TIME=en_US.UTF-8        LC_COLLATE=en_US.UTF-8    
 [5] LC_MONETARY=en_US.UTF-8    LC_MESSAGES=en_US.UTF-8   
 [7] LC_PAPER=en_US.UTF-8       LC_NAME=C                 
 [9] LC_ADDRESS=C               LC_TELEPHONE=C            
[11] LC_MEASUREMENT=en_US.UTF-8 LC_IDENTIFICATION=C       

attached base packages:
[1] stats     graphics  grDevices utils     datasets  methods   base     

other attached packages:
 [1] this.path_1.0.0 dplyr_1.0.10    rlang_1.0.6     caret_6.0-92   
 [5] lattice_0.20-45 ggplot2_3.3.6   ROCR_1.0-11     tidyr_1.2.1    
 [9] purrr_0.3.5     magrittr_2.0.3  optparse_1.7.3 

loaded via a namespace (and not attached):
 [1] tidyselect_1.2.0     reshape2_1.4.4       listenv_0.8.0       
 [4] splines_4.2.0        colorspace_2.0-3     vctrs_0.4.1         
 [7] generics_0.1.3       stats4_4.2.0         getopt_1.20.3       
[10] utf8_1.2.2           survival_3.3-1       prodlim_2019.11.13  
[13] ModelMetrics_1.2.2.2 pillar_1.8.1         glue_1.6.2          
[16] withr_2.5.0          DBI_1.1.3            foreach_1.5.2       
[19] lifecycle_1.0.1      plyr_1.8.8           lava_1.6.10         
[22] stringr_1.4.1        timeDate_3043.102    munsell_0.5.0       
[25] gtable_0.3.1         future_1.29.0        recipes_0.2.0       
[28] codetools_0.2-18     parallel_4.2.0       class_7.3-20        
[31] fansi_1.0.3          Rcpp_1.0.9           scales_1.2.1        
[34] ipred_0.9-12         parallelly_1.32.1    digest_0.6.30       
[37] stringi_1.7.8        grid_4.2.0           hardhat_0.2.0       
[40] cli_3.4.1            tools_4.2.0          tibble_3.1.8        
[43] future.apply_1.10.0  pkgconfig_2.0.3      MASS_7.3-57         
[46] Matrix_1.5-3         data.table_1.14.6    pROC_1.18.0         
[49] lubridate_1.8.0      gower_1.0.0          assertthat_0.2.1    
[52] iterators_1.0.14     R6_2.5.1             globals_0.16.2      
[55] rpart_4.1.16         nnet_7.3-17          nlme_3.1-157        
[58] compiler_4.2.0      
==============================================================================
                                JOB STATISTICS                                
==============================================================================

           JobId: 9626172
      SubmitTime: 2023-06-28T10:25:02
         EndTime: 2023-06-28T11:25:04
         RunTime: 00:13:57
            TRES: cpu=12,mem=48216M,node=1,billing=9
       Partition: smp
        NodeList: smp-n37
         Command: /ihome/dvillarreal/dav49/SLAC-Fairness/Shell-Scripts/UMS-Round1.sh

==============================================================================
 For more information use the command:
   - `sacct -M smp -j 9626172 -S 2023-06-28T10:25:02 -E 2023-06-28T11:25:04`

 To control the output of the above command:
   - Add `--format=<field1,field2,etc>` with fields of interest
   - See the list of all possible fields by running: `sacct --helpformat`
==============================================================================
