
==============================================================================
Unfairness mitigation strategies: round 2
Running 8 strategies
==============================================================================
Warning message:
package 'optparse' was built under R version 4.3.3 

--------------------------------------------------------------------------------
Unfairness mitigation strategy 4.1.1:
  Combination of:
  - 2.1.1: Empirical predictor selection, removing most influential predictors in classifier of Gender (cutoff: top 10%)
  - 1.3.1: Downsample women's Absent to equalize Rpresent base rates by Gender
--------------------------------------------------------------------------------
Data: 4679 tokens with 162 predictors
         Gender
Rpresent  Female Male  Sum
  Absent     563 2548 3111
  Present    284 1284 1568
  Sum        847 3832 4679
Proportionally by Gender:
         Gender
Rpresent     Female      Male
  Absent  0.6646989 0.6649269
  Present 0.3353011 0.3350731
  Sum     1.0000000 1.0000000
Running classifier...
Classifier finished running
Saving classifier as Run-UMS_UMS4.1.1.Rds
Warning message:
package 'optparse' was built under R version 4.3.3 

--------------------------------------------------------------------------------
Unfairness mitigation strategy 4.1.2:
  Combination of:
  - 2.1.1: Empirical predictor selection, removing most influential predictors in classifier of Gender (cutoff: top 10%)
  - 1.3.2: Downsample men's Present to equalize Rpresent base rates by Gender
--------------------------------------------------------------------------------
Data: 4817 tokens with 162 predictors
         Gender
Rpresent  Female Male  Sum
  Absent    1504 2548 4052
  Present    284  481  765
  Sum       1788 3029 4817
Proportionally by Gender:
         Gender
Rpresent     Female      Male
  Absent  0.8411633 0.8412017
  Present 0.1588367 0.1587983
  Sum     1.0000000 1.0000000
Running classifier...
Classifier finished running
Saving classifier as Run-UMS_UMS4.1.2.Rds
Warning message:
package 'optparse' was built under R version 4.3.3 

--------------------------------------------------------------------------------
Unfairness mitigation strategy 4.2.1:
  Combination of:
  - 2.2: Theoretical predictor selection, removing all F0 measures
  - 1.3.1: Downsample women's Absent to equalize Rpresent base rates by Gender
--------------------------------------------------------------------------------
Data: 4679 tokens with 176 predictors
         Gender
Rpresent  Female Male  Sum
  Absent     563 2548 3111
  Present    284 1284 1568
  Sum        847 3832 4679
Proportionally by Gender:
         Gender
Rpresent     Female      Male
  Absent  0.6646989 0.6649269
  Present 0.3353011 0.3350731
  Sum     1.0000000 1.0000000
Running classifier...
Classifier finished running
Saving classifier as Run-UMS_UMS4.2.1.Rds
Warning message:
package 'optparse' was built under R version 4.3.3 

--------------------------------------------------------------------------------
Unfairness mitigation strategy 4.2.2:
  Combination of:
  - 2.2: Theoretical predictor selection, removing all F0 measures
  - 1.3.2: Downsample men's Present to equalize Rpresent base rates by Gender
--------------------------------------------------------------------------------
Data: 4817 tokens with 176 predictors
         Gender
Rpresent  Female Male  Sum
  Absent    1504 2548 4052
  Present    284  481  765
  Sum       1788 3029 4817
Proportionally by Gender:
         Gender
Rpresent     Female      Male
  Absent  0.8411633 0.8412017
  Present 0.1588367 0.1587983
  Sum     1.0000000 1.0000000
Running classifier...
Classifier finished running
Saving classifier as Run-UMS_UMS4.2.2.Rds
Warning message:
package 'optparse' was built under R version 4.3.3 

--------------------------------------------------------------------------------
Unfairness mitigation strategy 4.3.1:
  Combination of:
  - 2.3: Empirical and theoretical predictor selection, removing only F0 measures that correlate with Gender
  - 1.3.1: Downsample women's Absent to equalize Rpresent base rates by Gender
--------------------------------------------------------------------------------
Data: 4679 tokens with 178 predictors
         Gender
Rpresent  Female Male  Sum
  Absent     563 2548 3111
  Present    284 1284 1568
  Sum        847 3832 4679
Proportionally by Gender:
         Gender
Rpresent     Female      Male
  Absent  0.6646989 0.6649269
  Present 0.3353011 0.3350731
  Sum     1.0000000 1.0000000
Running classifier...
Classifier finished running
Saving classifier as Run-UMS_UMS4.3.1.Rds
Warning message:
package 'optparse' was built under R version 4.3.3 

--------------------------------------------------------------------------------
Unfairness mitigation strategy 4.3.2:
  Combination of:
  - 2.3: Empirical and theoretical predictor selection, removing only F0 measures that correlate with Gender
  - 1.3.2: Downsample men's Present to equalize Rpresent base rates by Gender
--------------------------------------------------------------------------------
Data: 4817 tokens with 178 predictors
         Gender
Rpresent  Female Male  Sum
  Absent    1504 2548 4052
  Present    284  481  765
  Sum       1788 3029 4817
Proportionally by Gender:
         Gender
Rpresent     Female      Male
  Absent  0.8411633 0.8412017
  Present 0.1588367 0.1587983
  Sum     1.0000000 1.0000000
Running classifier...
Classifier finished running
Saving classifier as Run-UMS_UMS4.3.2.Rds
Warning message:
package 'optparse' was built under R version 4.3.3 

--------------------------------------------------------------------------------
Unfairness mitigation strategy 4.4.1:
  Combination of:
  - 3.1: Normalize F0 by speaker
  - 1.3.1: Downsample women's Absent to equalize Rpresent base rates by Gender
--------------------------------------------------------------------------------
Data: 4679 tokens with 180 predictors
         Gender
Rpresent  Female Male  Sum
  Absent     563 2548 3111
  Present    284 1284 1568
  Sum        847 3832 4679
Proportionally by Gender:
         Gender
Rpresent     Female      Male
  Absent  0.6646989 0.6649269
  Present 0.3353011 0.3350731
  Sum     1.0000000 1.0000000
Running classifier...
Classifier finished running
Saving classifier as Run-UMS_UMS4.4.1.Rds
Warning message:
package 'optparse' was built under R version 4.3.3 

--------------------------------------------------------------------------------
Unfairness mitigation strategy 4.4.2:
  Combination of:
  - 3.1: Normalize F0 by speaker
  - 1.3.2: Downsample men's Present to equalize Rpresent base rates by Gender
--------------------------------------------------------------------------------
Data: 4817 tokens with 180 predictors
         Gender
Rpresent  Female Male  Sum
  Absent    1504 2548 4052
  Present    284  481  765
  Sum       1788 3029 4817
Proportionally by Gender:
         Gender
Rpresent     Female      Male
  Absent  0.8411633 0.8412017
  Present 0.1588367 0.1587983
  Sum     1.0000000 1.0000000
Running classifier...
Classifier finished running
Saving classifier as Run-UMS_UMS4.4.2.Rds
Warning message:
package 'optparse' was built under R version 4.3.3 

--------------------------------------------------------------------------------
Session info
--------------------------------------------------------------------------------
R version 4.3.1 (2023-06-16 ucrt)
Platform: x86_64-w64-mingw32/x64 (64-bit)
Running under: Windows 10 x64 (build 19045)

Matrix products: default


locale:
[1] LC_COLLATE=English_United States.utf8 
[2] LC_CTYPE=en_US.UTF-8                  
[3] LC_MONETARY=English_United States.utf8
[4] LC_NUMERIC=C                          
[5] LC_TIME=English_United States.utf8    

time zone: America/Los_Angeles
tzcode source: internal

attached base packages:
[1] stats     graphics  grDevices utils     datasets  methods   base     

other attached packages:
 [1] this.path_2.2.0 dplyr_1.1.3     rlang_1.1.1     purrr_1.0.2    
 [5] caret_6.0-94    lattice_0.21-8  ggplot2_3.4.3   ranger_0.15.1  
 [9] ROCR_1.0-11     tidyr_1.3.0     magrittr_2.0.3  optparse_1.7.5 

loaded via a namespace (and not attached):
 [1] utf8_1.2.3           future_1.33.0        generics_0.1.3      
 [4] class_7.3-22         stringi_1.7.12       pROC_1.18.4         
 [7] listenv_0.9.0        digest_0.6.33        timechange_0.2.0    
[10] grid_4.3.1           iterators_1.0.14     foreach_1.5.2       
[13] plyr_1.8.9           Matrix_1.5-4.1       ModelMetrics_1.2.2.2
[16] nnet_7.3-19          survival_3.5-5       fansi_1.0.4         
[19] scales_1.2.1         codetools_0.2-19     getopt_1.20.4       
[22] lava_1.7.2.1         cli_3.6.1            hardhat_1.3.0       
[25] parallelly_1.36.0    future.apply_1.11.0  munsell_0.5.0       
[28] splines_4.3.1        withr_2.5.1          prodlim_2023.08.28  
[31] tools_4.3.1          parallel_4.3.1       reshape2_1.4.4      
[34] colorspace_2.1-0     recipes_1.0.8        globals_0.16.2      
[37] vctrs_0.6.3          R6_2.5.1             rpart_4.1.19        
[40] stats4_4.3.1         lubridate_1.9.3      lifecycle_1.0.3     
[43] stringr_1.5.0        MASS_7.3-60          pkgconfig_2.0.3     
[46] pillar_1.9.0         gtable_0.3.4         glue_1.6.2          
[49] data.table_1.14.8    Rcpp_1.0.11          tibble_3.2.1        
[52] tidyselect_1.2.0     nlme_3.1-162         ipred_0.9-14        
[55] timeDate_4022.108    gower_1.0.1          compiler_4.3.1      
